<?xml version="1.0" encoding="UTF-8"?>
<!-- Generated by org.testng.reporters.JUnitReportReporter -->
<testsuite hostname="DESKTOP-UVU5C3P" failures="0" tests="3" name="com.tutorialsninja_Nov04_TestCase.SearchProduct_Dummy_Test" time="19.925" errors="0" timestamp="2023-11-08T23:35:03 EST" skipped="0">
  <testcase classname="com.tutorialsninja_Nov04_TestCase.SearchProduct_Dummy_Test" name="verifySearchWithValidProduct" time="6.827"/>
  <testcase classname="com.tutorialsninja_Nov04_TestCase.SearchProduct_Dummy_Test" name="verifySearchWithInvalidProduct" time="6.723"/>
  <testcase classname="com.tutorialsninja_Nov04_TestCase.SearchProduct_Dummy_Test" name="verifySearchWithNoProduct" time="6.375"/>
</testsuite> <!-- com.tutorialsninja_Nov04_TestCase.SearchProduct_Dummy_Test -->
