<?xml version="1.0" encoding="UTF-8"?>
<!-- Generated by org.testng.reporters.JUnitReportReporter -->
<testsuite hostname="DESKTOP-UVU5C3P" failures="0" tests="1" name="com.java_AutoCourse.Maven_Dummy.Nov04_Day19_Project_GitRepository_jenkins" time="7.991" errors="0" timestamp="2023-11-05T09:49:39 EST" skipped="0">
  <testcase classname="com.java_AutoCourse.Maven_Dummy.Nov04_Day19_Project_GitRepository_jenkins" name="validImformation" time="7.991"/>
</testsuite> <!-- com.java_AutoCourse.Maven_Dummy.Nov04_Day19_Project_GitRepository_jenkins -->
