<?xml version="1.0" encoding="UTF-8"?>
<!-- Generated by org.testng.reporters.JUnitReportReporter -->
<testsuite hostname="DESKTOP-UVU5C3P" failures="0" tests="4" name="com.tutorialsninja_Nov04_TestCase.LoginTest_Dummy" time="29.788" errors="0" timestamp="2023-11-08T23:35:03 EST" skipped="0">
  <testcase classname="com.tutorialsninja_Nov04_TestCase.LoginTest_Dummy" name="verifyLoginWithValidCredentials" time="7.735"/>
  <testcase classname="com.tutorialsninja_Nov04_TestCase.LoginTest_Dummy" name="verifyLoginWithInValidCredentials" time="7.036"/>
  <testcase classname="com.tutorialsninja_Nov04_TestCase.LoginTest_Dummy" name="verifyLoginWithInValidPassword" time="7.305"/>
  <testcase classname="com.tutorialsninja_Nov04_TestCase.LoginTest_Dummy" name="verifyLoginWithInValidEmailAndValidPassWord" time="7.712"/>
</testsuite> <!-- com.tutorialsninja_Nov04_TestCase.LoginTest_Dummy -->
